2023-03-21T12:54:04,909 [main] INFO  com.spe.project.Calculator - [NATURAL LOG] - 0
2023-03-21T12:54:04,912 [main] INFO  com.spe.project.Calculator - [RESULT - NATURAL LOG] - -Infinity
2023-03-21T12:54:04,912 [main] INFO  com.spe.project.Calculator - [NATURAL LOG] - 1
2023-03-21T12:54:04,912 [main] INFO  com.spe.project.Calculator - [RESULT - NATURAL LOG] - 0.0
2023-03-21T12:54:04,913 [main] INFO  com.spe.project.Calculator - [POWER of2RAISED TO]3
2023-03-21T12:54:04,913 [main] INFO  com.spe.project.Calculator - [RESULT - POWER] - 8.0
2023-03-21T12:54:04,914 [main] INFO  com.spe.project.Calculator - [SQ ROOT] - 4
2023-03-21T12:54:04,914 [main] INFO  com.spe.project.Calculator - [RESULT - SQ ROOT] - 2.0
2023-03-21T12:54:04,914 [main] INFO  com.spe.project.Calculator - [SQ ROOT] - 36
2023-03-21T12:54:04,915 [main] INFO  com.spe.project.Calculator - [RESULT - SQ ROOT] - 6.0
2023-03-21T12:54:04,915 [main] INFO  com.spe.project.Calculator - [SQ ROOT] - 64
2023-03-21T12:54:04,915 [main] INFO  com.spe.project.Calculator - [RESULT - SQ ROOT] - 8.0
2023-03-21T12:54:04,916 [main] INFO  com.spe.project.Calculator - [FACTORIAL] - 5
2023-03-21T12:54:04,916 [main] INFO  com.spe.project.Calculator - [FACTORIAL] - 4
2023-03-21T12:54:04,916 [main] INFO  com.spe.project.Calculator - [FACTORIAL] - 3
2023-03-21T12:54:04,916 [main] INFO  com.spe.project.Calculator - [FACTORIAL] - 2
2023-03-21T12:54:04,916 [main] INFO  com.spe.project.Calculator - [FACTORIAL] - 1
2023-03-21T12:54:04,917 [main] INFO  com.spe.project.Calculator - [FACTORIAL] - 0
2023-03-21T12:54:04,917 [main] INFO  com.spe.project.Calculator - [FACTORIAL] - 6
2023-03-21T12:54:04,917 [main] INFO  com.spe.project.Calculator - [FACTORIAL] - 5
2023-03-21T12:54:04,917 [main] INFO  com.spe.project.Calculator - [FACTORIAL] - 4
2023-03-21T12:54:04,917 [main] INFO  com.spe.project.Calculator - [FACTORIAL] - 3
2023-03-21T12:54:04,917 [main] INFO  com.spe.project.Calculator - [FACTORIAL] - 2
2023-03-21T12:54:04,918 [main] INFO  com.spe.project.Calculator - [FACTORIAL] - 1
2023-03-21T12:54:04,918 [main] INFO  com.spe.project.Calculator - [FACTORIAL] - 0
